                     DATE/TIME                   MESSAGE/VARIABLE                               DATA
   17-03-2024 17:37:32:26:865           Created pipe server2watch                                 -
   17-03-2024 17:37:32:26:945               Created pipe UI2watch                                 -
     17-03-2024 17:37:32:27:8            Created pipe drone2watch                                 -
   17-03-2024 17:37:32:27:263           Created pipe watch2server                                 -
   17-03-2024 17:37:32:27:326               Created pipe watch2UI                                 -
   17-03-2024 17:37:32:27:387            Created pipe watch2drone                                 -
   17-03-2024 17:37:32:27:449              Created pipe UI2server                                 -
   17-03-2024 17:37:32:27:490              Created pipe server2UI                                 -
   17-03-2024 17:37:32:27:527           Created pipe drone2server                                 -
   17-03-2024 17:37:32:27:563           Created pipe server2drone                                 -
   17-03-2024 17:37:32:27:600             Created pipe UI_receive                                 -
   17-03-2024 17:37:32:27:637          Created pipe drone_receive                                 -
   17-03-2024 17:37:32:27:674        Created pipe targets2watchfd                                 -
   17-03-2024 17:37:32:27:710        Created pipe watch2targetsfd                                 -
   17-03-2024 17:37:32:27:747       Created pipe server2UItargetY                                 -
   17-03-2024 17:37:32:27:785       Created pipe server2UItargetX                                 -
   17-03-2024 17:37:32:27:820      Created pipe obstacles2watchfd                                 -
   17-03-2024 17:37:32:27:857      Created pipe watch2obstaclesfd                                 -
   17-03-2024 17:37:32:27:894    Created pipe server2UIobstaclesY                                 -
   17-03-2024 17:37:32:27:931    Created pipe server2UIobstaclesX                                 -
   17-03-2024 17:37:32:27:972 Created pipe server2droneobstaclesY                                 -
     17-03-2024 17:37:32:28:9 Created pipe server2droneobstaclesX                                 -
    17-03-2024 17:37:32:28:47          Created pipe UI2serverdone                                 -
