                     DATE/TIME                   MESSAGE/VARIABLE                               DATA
   17-03-2024 17:37:33:242:42                       Opened socket                                 -
  17-03-2024 17:37:33:242:390           Server binding successful                                 -
  17-03-2024 17:37:33:242:608            Server listen successful                                 -
  17-03-2024 17:37:33:242:797                sent pid to watchdog                                 -
  17-03-2024 17:37:39:173:557               received watchdog pid                                 -
  17-03-2024 17:37:39:173:615                        watchdog_pid                              23926
  17-03-2024 17:37:39:183:845                     keypressedValue                                  0
  17-03-2024 17:37:39:183:928                      dronePositionY                                 15
  17-03-2024 17:37:39:183:962                      dronePositionX                                 15
  17-03-2024 17:37:39:284:673            Server performed 1 cycle                                 -
  17-03-2024 17:37:39:284:777                     keypressedValue                                 -1
  17-03-2024 17:37:39:284:812                      dronePositionY                                 15
  17-03-2024 17:37:39:284:842                      dronePositionX                                 15
  17-03-2024 17:37:39:385:771            Server performed 1 cycle                                 -
  17-03-2024 17:37:39:385:893                     keypressedValue                                 -1
  17-03-2024 17:37:39:385:928                      dronePositionY                                 15
  17-03-2024 17:37:39:385:959                      dronePositionX                                 15
  17-03-2024 17:37:39:486:224            Server performed 1 cycle                                 -
  17-03-2024 17:37:39:488:760                     keypressedValue                                 -1
  17-03-2024 17:37:39:488:838                      dronePositionY                                 15
  17-03-2024 17:37:39:488:872                      dronePositionX                                 15
  17-03-2024 17:37:39:589:208            Server performed 1 cycle                                 -
  17-03-2024 17:37:39:589:331                     keypressedValue                                 -1
  17-03-2024 17:37:39:589:365                      dronePositionY                                 15
  17-03-2024 17:37:39:589:396                      dronePositionX                                 15
  17-03-2024 17:37:39:690:150            Server performed 1 cycle                                 -
  17-03-2024 17:37:39:690:274                     keypressedValue                                 -1
  17-03-2024 17:37:39:690:309                      dronePositionY                                 15
  17-03-2024 17:37:39:690:340                      dronePositionX                                 15
  17-03-2024 17:37:39:790:840            Server performed 1 cycle                                 -
  17-03-2024 17:37:39:790:962                     keypressedValue                                 -1
  17-03-2024 17:37:39:790:997                      dronePositionY                                 15
   17-03-2024 17:37:39:791:28                      dronePositionX                                 15
  17-03-2024 17:37:39:891:395            Server performed 1 cycle                                 -
  17-03-2024 17:37:39:891:511                     keypressedValue                                 -1
  17-03-2024 17:37:39:891:546                      dronePositionY                                 15
  17-03-2024 17:37:39:891:576                      dronePositionX                                 15
   17-03-2024 17:37:39:992:54            Server performed 1 cycle                                 -
  17-03-2024 17:37:39:992:162                     keypressedValue                                 -1
  17-03-2024 17:37:39:992:197                      dronePositionY                                 15
  17-03-2024 17:37:39:992:243                      dronePositionX                                 15
   17-03-2024 17:37:40:92:667            Server performed 1 cycle                                 -
   17-03-2024 17:37:40:92:777                     keypressedValue                                 -1
   17-03-2024 17:37:40:92:812                      dronePositionY                                 15
   17-03-2024 17:37:40:92:842                      dronePositionX                                 15
  17-03-2024 17:37:40:193:528            Server performed 1 cycle                                 -
  17-03-2024 17:37:40:193:635                     keypressedValue                                 -1
  17-03-2024 17:37:40:193:668                      dronePositionY                                 15
  17-03-2024 17:37:40:193:698                      dronePositionX                                 15
  17-03-2024 17:37:40:294:135            Server performed 1 cycle                                 -
  17-03-2024 17:37:40:294:243                     keypressedValue                                 -1
  17-03-2024 17:37:40:294:277                      dronePositionY                                 15
  17-03-2024 17:37:40:294:307                      dronePositionX                                 15
  17-03-2024 17:37:40:394:892            Server performed 1 cycle                                 -
  17-03-2024 17:37:40:397:253                     keypressedValue                                 -1
  17-03-2024 17:37:40:397:333                      dronePositionY                                 15
  17-03-2024 17:37:40:397:366                      dronePositionX                                 15
  17-03-2024 17:37:40:498:274            Server performed 1 cycle                                 -
  17-03-2024 17:37:40:498:378                     keypressedValue                                 -1
  17-03-2024 17:37:40:498:412                      dronePositionY                                 15
  17-03-2024 17:37:40:498:442                      dronePositionX                                 15
  17-03-2024 17:37:40:598:964            Server performed 1 cycle                                 -
   17-03-2024 17:37:40:599:70                     keypressedValue                                 -1
  17-03-2024 17:37:40:599:104                      dronePositionY                                 15
  17-03-2024 17:37:40:599:134                      dronePositionX                                 15
   17-03-2024 17:37:40:700:22            Server performed 1 cycle                                 -
  17-03-2024 17:37:40:700:148                     keypressedValue                                 -1
  17-03-2024 17:37:40:700:192                      dronePositionY                                 15
  17-03-2024 17:37:40:700:237                      dronePositionX                                 15
  17-03-2024 17:37:40:801:434            Server performed 1 cycle                                 -
  17-03-2024 17:37:40:801:554                     keypressedValue                                 -1
  17-03-2024 17:37:40:801:590                      dronePositionY                                 15
  17-03-2024 17:37:40:801:620                      dronePositionX                                 15
  17-03-2024 17:37:40:902:354            Server performed 1 cycle                                 -
  17-03-2024 17:37:40:902:468                     keypressedValue                                 -1
  17-03-2024 17:37:40:902:502                      dronePositionY                                 15
  17-03-2024 17:37:40:902:532                      dronePositionX                                 15
    17-03-2024 17:37:41:3:559            Server performed 1 cycle                                 -
    17-03-2024 17:37:41:3:672                     keypressedValue                                 -1
    17-03-2024 17:37:41:3:707                      dronePositionY                                 15
    17-03-2024 17:37:41:3:737                      dronePositionX                                 15
  17-03-2024 17:37:41:104:749            Server performed 1 cycle                                 -
  17-03-2024 17:37:41:104:854                     keypressedValue                                 -1
  17-03-2024 17:37:41:104:888                      dronePositionY                                 15
  17-03-2024 17:37:41:104:918                      dronePositionX                                 15
  17-03-2024 17:37:41:205:159            Server performed 1 cycle                                 -
  17-03-2024 17:37:41:205:281                     keypressedValue                                 -1
  17-03-2024 17:37:41:205:316                      dronePositionY                                 15
  17-03-2024 17:37:41:205:345                      dronePositionX                                 15
  17-03-2024 17:37:41:305:994            Server performed 1 cycle                                 -
   17-03-2024 17:37:41:306:85                     keypressedValue                                 -1
  17-03-2024 17:37:41:306:130                      dronePositionY                                 15
  17-03-2024 17:37:41:306:177                      dronePositionX                                 15
  17-03-2024 17:37:41:406:928            Server performed 1 cycle                                 -
   17-03-2024 17:37:41:407:39                     keypressedValue                                 -1
   17-03-2024 17:37:41:407:73                      dronePositionY                                 15
  17-03-2024 17:37:41:407:103                      dronePositionX                                 15
   17-03-2024 17:37:41:508:97            Server performed 1 cycle                                 -
  17-03-2024 17:37:41:508:210                     keypressedValue                                 -1
  17-03-2024 17:37:41:508:245                      dronePositionY                                 15
  17-03-2024 17:37:41:508:275                      dronePositionX                                 15
  17-03-2024 17:37:41:608:775            Server performed 1 cycle                                 -
  17-03-2024 17:37:41:608:886                     keypressedValue                                 -1
  17-03-2024 17:37:41:608:920                      dronePositionY                                 15
  17-03-2024 17:37:41:608:950                      dronePositionX                                 15
  17-03-2024 17:37:41:709:535            Server performed 1 cycle                                 -
  17-03-2024 17:37:41:709:651                     keypressedValue                                 -1
  17-03-2024 17:37:41:709:686                      dronePositionY                                 15
  17-03-2024 17:37:41:709:716                      dronePositionX                                 15
  17-03-2024 17:37:41:810:212            Server performed 1 cycle                                 -
  17-03-2024 17:37:41:810:325                     keypressedValue                                 -1
  17-03-2024 17:37:41:810:359                      dronePositionY                                 15
  17-03-2024 17:37:41:810:389                      dronePositionX                                 15
  17-03-2024 17:37:41:910:947            Server performed 1 cycle                                 -
   17-03-2024 17:37:41:911:93                     keypressedValue                                 -1
  17-03-2024 17:37:41:911:150                      dronePositionY                                 15
  17-03-2024 17:37:41:911:200                      dronePositionX                                 15
   17-03-2024 17:37:42:12:217            Server performed 1 cycle                                 -
   17-03-2024 17:37:42:12:326                     keypressedValue                                 -1
   17-03-2024 17:37:42:12:360                      dronePositionY                                 15
   17-03-2024 17:37:42:12:390                      dronePositionX                                 15
  17-03-2024 17:37:42:112:819            Server performed 1 cycle                                 -
  17-03-2024 17:37:42:112:907                     keypressedValue                                 -1
   17-03-2024 17:37:42:113:59                      dronePositionY                                 15
  17-03-2024 17:37:42:113:105                      dronePositionX                                 15
   17-03-2024 17:37:42:214:91            Server performed 1 cycle                                 -
  17-03-2024 17:37:42:214:234                     keypressedValue                                 -1
  17-03-2024 17:37:42:214:269                      dronePositionY                                 15
  17-03-2024 17:37:42:214:300                      dronePositionX                                 15
  17-03-2024 17:37:42:314:813            Server performed 1 cycle                                 -
  17-03-2024 17:37:42:314:955                     keypressedValue                                 -1
  17-03-2024 17:37:42:314:992                      dronePositionY                                 15
   17-03-2024 17:37:42:315:24                      dronePositionX                                 15
  17-03-2024 17:37:42:415:639            Server performed 1 cycle                                 -
  17-03-2024 17:37:42:415:760                     keypressedValue                                 -1
  17-03-2024 17:37:42:415:794                      dronePositionY                                 15
  17-03-2024 17:37:42:415:824                      dronePositionX                                 15
   17-03-2024 17:37:42:517:39            Server performed 1 cycle                                 -
  17-03-2024 17:37:42:517:194                     keypressedValue                                 -1
  17-03-2024 17:37:42:517:246                      dronePositionY                                 15
  17-03-2024 17:37:42:517:295                      dronePositionX                                 15
  17-03-2024 17:37:42:617:718            Server performed 1 cycle                                 -
  17-03-2024 17:37:42:617:827                     keypressedValue                                 -1
  17-03-2024 17:37:42:617:863                      dronePositionY                                 15
  17-03-2024 17:37:42:617:893                      dronePositionX                                 15
  17-03-2024 17:37:42:718:194            Server performed 1 cycle                                 -
  17-03-2024 17:37:42:718:259                     keypressedValue                                 -1
  17-03-2024 17:37:42:718:291                      dronePositionY                                 15
  17-03-2024 17:37:42:718:320                      dronePositionX                                 15
  17-03-2024 17:37:42:818:647            Server performed 1 cycle                                 -
  17-03-2024 17:37:42:818:751                     keypressedValue                                 -1
  17-03-2024 17:37:42:818:785                      dronePositionY                                 15
  17-03-2024 17:37:42:818:815                      dronePositionX                                 15
  17-03-2024 17:37:42:919:869            Server performed 1 cycle                                 -
  17-03-2024 17:37:42:919:984                     keypressedValue                                 -1
   17-03-2024 17:37:42:920:18                      dronePositionY                                 15
   17-03-2024 17:37:42:920:50                      dronePositionX                                 15
   17-03-2024 17:37:43:20:472            Server performed 1 cycle                                 -
   17-03-2024 17:37:43:20:586                     keypressedValue                                 -1
   17-03-2024 17:37:43:20:623                      dronePositionY                                 15
   17-03-2024 17:37:43:20:652                      dronePositionX                                 15
   17-03-2024 17:37:43:121:74            Server performed 1 cycle                                 -
  17-03-2024 17:37:43:121:155                     keypressedValue                                 -1
  17-03-2024 17:37:43:121:186                      dronePositionY                                 15
  17-03-2024 17:37:43:121:216                      dronePositionX                                 15
  17-03-2024 17:37:43:221:658            Server performed 1 cycle                                 -
  17-03-2024 17:37:43:221:807                     keypressedValue                                 -1
  17-03-2024 17:37:43:221:843                      dronePositionY                                 15
  17-03-2024 17:37:43:221:873                      dronePositionX                                 15
  17-03-2024 17:37:43:322:205            Server performed 1 cycle                                 -
  17-03-2024 17:37:43:322:280                     keypressedValue                                 -1
  17-03-2024 17:37:43:322:312                      dronePositionY                                 15
  17-03-2024 17:37:43:322:342                      dronePositionX                                 15
  17-03-2024 17:37:43:422:769            Server performed 1 cycle                                 -
  17-03-2024 17:37:43:422:876                     keypressedValue                                 -1
  17-03-2024 17:37:43:422:910                      dronePositionY                                 15
  17-03-2024 17:37:43:422:939                      dronePositionX                                 15
  17-03-2024 17:37:43:523:412            Server performed 1 cycle                                 -
  17-03-2024 17:37:43:523:523                     keypressedValue                                 -1
  17-03-2024 17:37:43:523:558                      dronePositionY                                 15
  17-03-2024 17:37:43:523:673                      dronePositionX                                 15
  17-03-2024 17:37:43:624:381            Server performed 1 cycle                                 -
  17-03-2024 17:37:43:624:483                     keypressedValue                                 -1
  17-03-2024 17:37:43:624:519                      dronePositionY                                 15
  17-03-2024 17:37:43:624:551                      dronePositionX                                 15
  17-03-2024 17:37:43:724:728            Server performed 1 cycle                                 -
  17-03-2024 17:37:43:724:836                     keypressedValue                                 -1
  17-03-2024 17:37:43:724:871                      dronePositionY                                 15
  17-03-2024 17:37:43:724:901                      dronePositionX                                 15
  17-03-2024 17:37:43:825:377            Server performed 1 cycle                                 -
  17-03-2024 17:37:43:825:639                     keypressedValue                                 -1
  17-03-2024 17:37:43:825:689                      dronePositionY                                 15
  17-03-2024 17:37:43:825:721                      dronePositionX                                 15
  17-03-2024 17:37:43:926:483            Server performed 1 cycle                                 -
  17-03-2024 17:37:43:926:672                     keypressedValue                                 -1
  17-03-2024 17:37:43:926:722                      dronePositionY                                 15
  17-03-2024 17:37:43:926:767                      dronePositionX                                 15
   17-03-2024 17:37:44:27:392            Server performed 1 cycle                                 -
   17-03-2024 17:37:44:27:504                     keypressedValue                                 -1
   17-03-2024 17:37:44:27:539                      dronePositionY                                 15
   17-03-2024 17:37:44:27:569                      dronePositionX                                 15
  17-03-2024 17:37:44:128:255            Server performed 1 cycle                                 -
  17-03-2024 17:37:44:128:378                     keypressedValue                                 -1
  17-03-2024 17:37:44:128:908                      dronePositionY                                 15
    17-03-2024 17:37:44:129:8                      dronePositionX                                 15
  17-03-2024 17:37:44:229:838            Server performed 1 cycle                                 -
  17-03-2024 17:37:44:229:946                     keypressedValue                                 -1
  17-03-2024 17:37:44:229:998                      dronePositionY                                 15
   17-03-2024 17:37:44:230:47                      dronePositionX                                 15
  17-03-2024 17:37:44:330:989            Server performed 1 cycle                                 -
  17-03-2024 17:37:44:331:100                     keypressedValue                                 -1
  17-03-2024 17:37:44:331:135                      dronePositionY                                 15
  17-03-2024 17:37:44:331:165                      dronePositionX                                 15
  17-03-2024 17:37:44:431:555            Server performed 1 cycle                                 -
  17-03-2024 17:37:44:431:661                     keypressedValue                                 -1
  17-03-2024 17:37:44:431:696                      dronePositionY                                 15
  17-03-2024 17:37:44:431:726                      dronePositionX                                 15
  17-03-2024 17:37:44:532:790            Server performed 1 cycle                                 -
  17-03-2024 17:37:44:532:899                     keypressedValue                                 -1
  17-03-2024 17:37:44:532:934                      dronePositionY                                 15
  17-03-2024 17:37:44:532:964                      dronePositionX                                 15
    17-03-2024 17:37:44:634:5            Server performed 1 cycle                                 -
  17-03-2024 17:37:44:634:113                     keypressedValue                                 -1
  17-03-2024 17:37:44:634:148                      dronePositionY                                 15
  17-03-2024 17:37:44:634:178                      dronePositionX                                 15
  17-03-2024 17:37:44:734:955            Server performed 1 cycle                                 -
   17-03-2024 17:37:44:735:63                     keypressedValue                                 -1
   17-03-2024 17:37:44:735:97                      dronePositionY                                 15
  17-03-2024 17:37:44:735:127                      dronePositionX                                 15
  17-03-2024 17:37:44:835:415            Server performed 1 cycle                                 -
  17-03-2024 17:37:44:835:529                     keypressedValue                                 -1
  17-03-2024 17:37:44:835:563                      dronePositionY                                 15
  17-03-2024 17:37:44:835:593                      dronePositionX                                 15
  17-03-2024 17:37:44:936:156            Server performed 1 cycle                                 -
  17-03-2024 17:37:44:936:249                     keypressedValue                                 -1
  17-03-2024 17:37:44:936:287                      dronePositionY                                 15
  17-03-2024 17:37:44:936:325                      dronePositionX                                 15
   17-03-2024 17:37:45:37:517            Server performed 1 cycle                                 -
   17-03-2024 17:37:45:37:671                     keypressedValue                                 -1
   17-03-2024 17:37:45:37:720                      dronePositionY                                 15
   17-03-2024 17:37:45:37:763                      dronePositionX                                 15
   17-03-2024 17:37:45:138:74            Server performed 1 cycle                                 -
  17-03-2024 17:37:45:138:201                     keypressedValue                                 -1
  17-03-2024 17:37:45:138:253                      dronePositionY                                 15
  17-03-2024 17:37:45:138:284                      dronePositionX                                 15
   17-03-2024 17:37:45:239:96            Server performed 1 cycle                                 -
  17-03-2024 17:37:45:239:243                     keypressedValue                                 -1
  17-03-2024 17:37:45:239:299                      dronePositionY                                 15
  17-03-2024 17:37:45:239:350                      dronePositionX                                 15
  17-03-2024 17:37:45:339:707            Server performed 1 cycle                                 -
  17-03-2024 17:37:45:339:820                     keypressedValue                                 -1
  17-03-2024 17:37:45:339:855                      dronePositionY                                 15
  17-03-2024 17:37:45:339:885                      dronePositionX                                 15
  17-03-2024 17:37:45:440:293            Server performed 1 cycle                                 -
  17-03-2024 17:37:45:440:401                     keypressedValue                                 -1
  17-03-2024 17:37:45:440:435                      dronePositionY                                 15
  17-03-2024 17:37:45:440:466                      dronePositionX                                 15
  17-03-2024 17:37:45:540:751            Server performed 1 cycle                                 -
  17-03-2024 17:37:45:540:859                     keypressedValue                                 -1
  17-03-2024 17:37:45:540:894                      dronePositionY                                 15
  17-03-2024 17:37:45:540:924                      dronePositionX                                 15
  17-03-2024 17:37:45:641:535            Server performed 1 cycle                                 -
  17-03-2024 17:37:45:641:639                     keypressedValue                                 -1
  17-03-2024 17:37:45:641:673                      dronePositionY                                 15
  17-03-2024 17:37:45:641:703                      dronePositionX                                 15
  17-03-2024 17:37:45:742:339            Server performed 1 cycle                                 -
  17-03-2024 17:37:45:742:406                     keypressedValue                                 -1
  17-03-2024 17:37:45:742:438                      dronePositionY                                 15
  17-03-2024 17:37:45:742:468                      dronePositionX                                 15
  17-03-2024 17:37:45:842:657            Server performed 1 cycle                                 -
  17-03-2024 17:37:45:842:764                     keypressedValue                                 -1
  17-03-2024 17:37:45:842:799                      dronePositionY                                 15
  17-03-2024 17:37:45:842:828                      dronePositionX                                 15
  17-03-2024 17:37:45:943:257            Server performed 1 cycle                                 -
  17-03-2024 17:37:45:943:364                     keypressedValue                                 -1
  17-03-2024 17:37:45:943:398                      dronePositionY                                 15
  17-03-2024 17:37:45:943:428                      dronePositionX                                 15
   17-03-2024 17:37:46:43:963            Server performed 1 cycle                                 -
    17-03-2024 17:37:46:44:71                     keypressedValue                                 -1
   17-03-2024 17:37:46:44:106                      dronePositionY                                 15
   17-03-2024 17:37:46:44:135                      dronePositionX                                 15
  17-03-2024 17:37:46:144:490            Server performed 1 cycle                                 -
  17-03-2024 17:37:46:144:623                     keypressedValue                                 -1
  17-03-2024 17:37:46:144:678                      dronePositionY                                 15
  17-03-2024 17:37:46:144:745                      dronePositionX                                 15
  17-03-2024 17:37:46:245:109            Server performed 1 cycle                                 -
  17-03-2024 17:37:46:245:216                     keypressedValue                                 -1
  17-03-2024 17:37:46:245:250                      dronePositionY                                 15
  17-03-2024 17:37:46:245:279                      dronePositionX                                 15
    17-03-2024 17:37:46:346:6            Server performed 1 cycle                                 -
  17-03-2024 17:37:46:346:109                     keypressedValue                                 -1
  17-03-2024 17:37:46:346:143                      dronePositionY                                 15
  17-03-2024 17:37:46:346:174                      dronePositionX                                 15
  17-03-2024 17:37:46:446:617            Server performed 1 cycle                                 -
  17-03-2024 17:37:46:446:727                     keypressedValue                                 -1
  17-03-2024 17:37:46:446:761                      dronePositionY                                 15
  17-03-2024 17:37:46:446:791                      dronePositionX                                 15
  17-03-2024 17:37:46:547:811            Server performed 1 cycle                                 -
  17-03-2024 17:37:46:547:916                     keypressedValue                                 -1
  17-03-2024 17:37:46:547:951                      dronePositionY                                 15
  17-03-2024 17:37:46:547:981                      dronePositionX                                 15
  17-03-2024 17:37:46:649:349            Server performed 1 cycle                                 -
  17-03-2024 17:37:46:649:457                     keypressedValue                                 -1
  17-03-2024 17:37:46:649:491                      dronePositionY                                 15
  17-03-2024 17:37:46:649:521                      dronePositionX                                 15
   17-03-2024 17:37:46:750:70            Server performed 1 cycle                                 -
  17-03-2024 17:37:46:750:206                     keypressedValue                                 -1
  17-03-2024 17:37:46:750:242                      dronePositionY                                 15
  17-03-2024 17:37:46:750:273                      dronePositionX                                 15
  17-03-2024 17:37:46:850:811            Server performed 1 cycle                                 -
  17-03-2024 17:37:46:850:954                     keypressedValue                                 -1
  17-03-2024 17:37:46:850:999                      dronePositionY                                 15
   17-03-2024 17:37:46:851:39                      dronePositionX                                 15
  17-03-2024 17:37:46:951:328            Server performed 1 cycle                                 -
  17-03-2024 17:37:46:951:431                     keypressedValue                                 -1
  17-03-2024 17:37:46:951:466                      dronePositionY                                 15
  17-03-2024 17:37:46:951:496                      dronePositionX                                 15
   17-03-2024 17:37:47:52:303            Server performed 1 cycle                                 -
   17-03-2024 17:37:47:52:407                     keypressedValue                                 -1
   17-03-2024 17:37:47:52:441                      dronePositionY                                 15
   17-03-2024 17:37:47:52:470                      dronePositionX                                 15
  17-03-2024 17:37:47:152:919            Server performed 1 cycle                                 -
   17-03-2024 17:37:47:153:30                     keypressedValue                                 -1
   17-03-2024 17:37:47:153:64                      dronePositionY                                 15
   17-03-2024 17:37:47:153:94                      dronePositionX                                 15
  17-03-2024 17:37:47:253:313            Server performed 1 cycle                                 -
  17-03-2024 17:37:47:253:422                     keypressedValue                                 -1
  17-03-2024 17:37:47:253:457                      dronePositionY                                 15
  17-03-2024 17:37:47:253:487                      dronePositionX                                 15
   17-03-2024 17:37:47:354:36            Server performed 1 cycle                                 -
  17-03-2024 17:37:47:354:172                     keypressedValue                                 -1
  17-03-2024 17:37:47:354:218                      dronePositionY                                 15
  17-03-2024 17:37:47:354:259                      dronePositionX                                 15
  17-03-2024 17:37:47:454:569            Server performed 1 cycle                                 -
  17-03-2024 17:37:47:454:703                     keypressedValue                                 -1
  17-03-2024 17:37:47:454:826                      dronePositionY                                 15
  17-03-2024 17:37:47:454:871                      dronePositionX                                 15
  17-03-2024 17:37:47:555:427            Server performed 1 cycle                                 -
  17-03-2024 17:37:47:555:510                     keypressedValue                                 -1
  17-03-2024 17:37:47:555:553                      dronePositionY                                 15
  17-03-2024 17:37:47:555:594                      dronePositionX                                 15
  17-03-2024 17:37:47:656:161            Server performed 1 cycle                                 -
  17-03-2024 17:37:47:656:247                     keypressedValue                                 -1
  17-03-2024 17:37:47:656:292                      dronePositionY                                 15
  17-03-2024 17:37:47:656:337                      dronePositionX                                 15
  17-03-2024 17:37:47:757:208            Server performed 1 cycle                                 -
  17-03-2024 17:37:47:757:353                     keypressedValue                                 -1
  17-03-2024 17:37:47:757:402                      dronePositionY                                 15
  17-03-2024 17:37:47:757:445                      dronePositionX                                 15
  17-03-2024 17:37:47:857:966            Server performed 1 cycle                                 -
  17-03-2024 17:37:47:858:115                     keypressedValue                                 -1
  17-03-2024 17:37:47:858:166                      dronePositionY                                 15
  17-03-2024 17:37:47:858:208                      dronePositionX                                 15
  17-03-2024 17:37:47:959:638            Server performed 1 cycle                                 -
  17-03-2024 17:37:47:959:733                     keypressedValue                                 -1
  17-03-2024 17:37:47:959:781                      dronePositionY                                 15
  17-03-2024 17:37:47:959:956                      dronePositionX                                 15
   17-03-2024 17:37:48:60:860            Server performed 1 cycle                                 -
    17-03-2024 17:37:48:61:34                     keypressedValue                                 -1
    17-03-2024 17:37:48:61:89                      dronePositionY                                 15
   17-03-2024 17:37:48:61:136                      dronePositionX                                 15
  17-03-2024 17:37:48:161:305            Server performed 1 cycle                                 -
  17-03-2024 17:37:48:161:423                     keypressedValue                                 -1
  17-03-2024 17:37:48:161:458                      dronePositionY                                 15
  17-03-2024 17:37:48:161:488                      dronePositionX                                 15
  17-03-2024 17:37:48:262:131            Server performed 1 cycle                                 -
  17-03-2024 17:37:48:262:252                     keypressedValue                                 -1
  17-03-2024 17:37:48:262:291                      dronePositionY                                 15
  17-03-2024 17:37:48:262:337                      dronePositionX                                 15
  17-03-2024 17:37:48:363:342            Server performed 1 cycle                                 -
  17-03-2024 17:37:48:363:461                     keypressedValue                                 -1
  17-03-2024 17:37:48:363:496                      dronePositionY                                 15
  17-03-2024 17:37:48:363:526                      dronePositionX                                 15
   17-03-2024 17:37:48:464:71            Server performed 1 cycle                                 -
  17-03-2024 17:37:48:464:195                     keypressedValue                                 -1
  17-03-2024 17:37:48:464:229                      dronePositionY                                 15
  17-03-2024 17:37:48:464:260                      dronePositionX                                 15
  17-03-2024 17:37:48:565:302            Server performed 1 cycle                                 -
  17-03-2024 17:37:48:565:451                     keypressedValue                                 -1
  17-03-2024 17:37:48:565:498                      dronePositionY                                 15
  17-03-2024 17:37:48:565:540                      dronePositionX                                 15
   17-03-2024 17:37:48:666:68            Server performed 1 cycle                                 -
  17-03-2024 17:37:48:666:247                     keypressedValue                                 -1
  17-03-2024 17:37:48:666:301                      dronePositionY                                 15
  17-03-2024 17:37:48:666:351                      dronePositionX                                 15
  17-03-2024 17:37:48:766:851            Server performed 1 cycle                                 -
    17-03-2024 17:37:48:767:0                     keypressedValue                                 -1
   17-03-2024 17:37:48:767:47                      dronePositionY                                 15
   17-03-2024 17:37:48:767:88                      dronePositionX                                 15
  17-03-2024 17:37:48:867:397            Server performed 1 cycle                                 -
  17-03-2024 17:37:48:867:517                     keypressedValue                                 -1
  17-03-2024 17:37:48:867:552                      dronePositionY                                 15
  17-03-2024 17:37:48:867:582                      dronePositionX                                 15
   17-03-2024 17:37:48:968:14            Server performed 1 cycle                                 -
  17-03-2024 17:37:48:968:162                New client available                                 -
  17-03-2024 17:37:48:968:256                 Accepted new client                                 -
  17-03-2024 17:37:48:968:332                     Read ID message                                 -
  17-03-2024 17:37:48:968:559            Echoed target ID message                                 -
  17-03-2024 17:37:48:968:621                                  ID                                 TI
  17-03-2024 17:37:48:968:664                     Added target fd                                 -
  17-03-2024 17:37:48:968:704                  client_socket_list                                 50
  17-03-2024 17:37:48:968:743                  client_socket_list                                  0
  17-03-2024 17:37:48:968:796                    socket_write_buf                     25.000,100.000
  17-03-2024 17:37:48:968:889                    Sent window size                                 -
  17-03-2024 17:37:48:969:450                      Read size echo                                 -
  17-03-2024 17:37:48:969:607                           Size echo                     25.000,100.000
  17-03-2024 17:37:48:969:910                     keypressedValue                                 -1
  17-03-2024 17:37:48:969:952                      dronePositionY                                 15
  17-03-2024 17:37:48:969:991                      dronePositionX                                 15
   17-03-2024 17:37:49:70:306            Server performed 1 cycle                                 -
   17-03-2024 17:37:49:70:420                New client available                                 -
   17-03-2024 17:37:49:70:473                 Accepted new client                                 -
   17-03-2024 17:37:49:70:514                     Read ID message                                 -
   17-03-2024 17:37:49:70:650            Echoed target ID message                                 -
   17-03-2024 17:37:49:70:709                                  ID                                 OI
   17-03-2024 17:37:49:70:763                  client_socket_list                                 50
   17-03-2024 17:37:49:70:812                  client_socket_list                                 51
   17-03-2024 17:37:49:70:874                    socket_write_buf                     25.000,100.000
   17-03-2024 17:37:49:70:954                    Sent window size                                 -
   17-03-2024 17:37:49:71:645                      Read size echo                                 -
   17-03-2024 17:37:49:71:682                           Size echo                     25.000,100.000
   17-03-2024 17:37:49:71:720                     Read target pos                                 -
   17-03-2024 17:37:49:71:775                   Echoed target pos                                 -
   17-03-2024 17:37:49:71:810                         targetcount                                 10
   17-03-2024 17:37:49:71:841                              format                        17.00,21.00
   17-03-2024 17:37:49:71:876                              format                         12.00,3.00
   17-03-2024 17:37:49:71:907                              format                        14.00,17.00
   17-03-2024 17:37:49:71:938                              format                         19.00,8.00
   17-03-2024 17:37:49:71:968                              format                         2.00,11.00
   17-03-2024 17:37:49:71:998                              format                        10.00,14.00
    17-03-2024 17:37:49:72:28                              format                        18.00,37.00
    17-03-2024 17:37:49:72:58                              format                        11.00,36.00
   17-03-2024 17:37:49:72:124                              format                         4.00,36.00
   17-03-2024 17:37:49:72:173                              format                         8.00,21.00
   17-03-2024 17:37:49:72:221                        targets_YPos                                 21
   17-03-2024 17:37:49:72:253                        targets_YPos                                  3
   17-03-2024 17:37:49:72:283                        targets_YPos                                 17
   17-03-2024 17:37:49:72:312                        targets_YPos                                  8
   17-03-2024 17:37:49:72:340                        targets_YPos                                 11
   17-03-2024 17:37:49:72:370                        targets_YPos                                 14
   17-03-2024 17:37:49:72:399                        targets_YPos                                 37
   17-03-2024 17:37:49:72:429                        targets_YPos                                 36
   17-03-2024 17:37:49:72:475                        targets_YPos                                 36
   17-03-2024 17:37:49:72:524                        targets_YPos                                 21
   17-03-2024 17:37:49:72:574                        targets_YPos                                  0
   17-03-2024 17:37:49:72:617                        targets_YPos                                  0
   17-03-2024 17:37:49:72:660                        targets_YPos                                  0
   17-03-2024 17:37:49:72:717                        targets_YPos                                  0
   17-03-2024 17:37:49:72:762                        targets_YPos                                  0
   17-03-2024 17:37:49:72:809                        targets_YPos                                  0
   17-03-2024 17:37:49:72:852                        targets_YPos                                  0
   17-03-2024 17:37:49:72:894                        targets_YPos                                  0
   17-03-2024 17:37:49:72:936                        targets_YPos                                  0
   17-03-2024 17:37:49:72:978                        targets_YPos                                  0
    17-03-2024 17:37:49:73:21             Finished target ycoords                                 -
    17-03-2024 17:37:49:73:72                        targets_XPos                                 17
   17-03-2024 17:37:49:73:313                        targets_XPos                                 12
   17-03-2024 17:37:49:73:355                        targets_XPos                                 14
   17-03-2024 17:37:49:73:395                        targets_XPos                                 19
   17-03-2024 17:37:49:73:436                        targets_XPos                                  2
   17-03-2024 17:37:49:73:570                        targets_XPos                                 10
   17-03-2024 17:37:49:73:619                        targets_XPos                                 18
   17-03-2024 17:37:49:73:674                        targets_XPos                                 11
   17-03-2024 17:37:49:73:730                        targets_XPos                                  4
   17-03-2024 17:37:49:73:774                        targets_XPos                                  8
   17-03-2024 17:37:49:73:814                        targets_XPos                                  0
   17-03-2024 17:37:49:73:856                        targets_XPos                                  0
   17-03-2024 17:37:49:73:897                        targets_XPos                                  0
   17-03-2024 17:37:49:73:935                        targets_XPos                                  0
   17-03-2024 17:37:49:73:974                        targets_XPos                                  0
    17-03-2024 17:37:49:74:13                        targets_XPos                                  0
    17-03-2024 17:37:49:74:50                        targets_XPos                                  0
   17-03-2024 17:37:49:74:120                        targets_XPos                                  0
   17-03-2024 17:37:49:74:163                        targets_XPos                                  0
   17-03-2024 17:37:49:74:202                        targets_XPos                                  0
   17-03-2024 17:37:49:74:240             Finished target xcoords                                 -
   17-03-2024 17:37:49:74:312                     keypressedValue                                 -1
   17-03-2024 17:37:49:74:353                      dronePositionY                                 15
   17-03-2024 17:37:49:74:395                      dronePositionX                                 15
   17-03-2024 17:37:49:175:87            Server performed 1 cycle                                 -
  17-03-2024 17:37:49:175:229                   Read obstacle pos                                 -
  17-03-2024 17:37:49:175:390                 Echoed obstacle pos                                 -
  17-03-2024 17:37:49:175:490                                  ID                                   
  17-03-2024 17:37:49:175:580                   new_client_socket                                  0
  17-03-2024 17:37:49:175:618                         targetcount                                 10
  17-03-2024 17:37:49:175:648                              format                         3.00,20.00
  17-03-2024 17:37:49:175:684                              format                        19.00,24.00
  17-03-2024 17:37:49:175:730                              format                        22.00,22.00
  17-03-2024 17:37:49:175:760                              format                        20.00,31.00
  17-03-2024 17:37:49:175:791                              format                        25.00,21.00
  17-03-2024 17:37:49:175:821                              format                         7.00,24.00
  17-03-2024 17:37:49:175:851                              format                         22.00,9.00
  17-03-2024 17:37:49:175:881                              format                        14.00,13.00
  17-03-2024 17:37:49:175:911                              format                        16.00,21.00
  17-03-2024 17:37:49:175:941                              format                        23.00,28.00
  17-03-2024 17:37:49:175:971                      obstacles_YPos                                 20
    17-03-2024 17:37:49:176:1                      obstacles_YPos                                 24
   17-03-2024 17:37:49:176:30                      obstacles_YPos                                 22
   17-03-2024 17:37:49:176:59                      obstacles_YPos                                 31
   17-03-2024 17:37:49:176:87                      obstacles_YPos                                 21
  17-03-2024 17:37:49:176:117                      obstacles_YPos                                 24
  17-03-2024 17:37:49:176:146                      obstacles_YPos                                  9
  17-03-2024 17:37:49:176:175                      obstacles_YPos                                 13
  17-03-2024 17:37:49:176:204                      obstacles_YPos                                 21
  17-03-2024 17:37:49:176:233                      obstacles_YPos                                 28
  17-03-2024 17:37:49:176:261                      obstacles_YPos                                  0
  17-03-2024 17:37:49:176:290                      obstacles_YPos                                  0
  17-03-2024 17:37:49:176:319                      obstacles_YPos                                  0
  17-03-2024 17:37:49:176:348                      obstacles_YPos                                  0
  17-03-2024 17:37:49:176:377                      obstacles_YPos                                  0
  17-03-2024 17:37:49:176:406                      obstacles_YPos                                  0
  17-03-2024 17:37:49:176:435                      obstacles_YPos                                  0
  17-03-2024 17:37:49:176:533                      obstacles_YPos                                  0
  17-03-2024 17:37:49:176:587                      obstacles_YPos                                  0
  17-03-2024 17:37:49:176:642                      obstacles_YPos                                  0
  17-03-2024 17:37:49:176:690          Finished obstacles ycoords                                 -
  17-03-2024 17:37:49:176:742                      obstacles_XPos                                  3
  17-03-2024 17:37:49:176:778                      obstacles_XPos                                 19
  17-03-2024 17:37:49:176:808                      obstacles_XPos                                 22
  17-03-2024 17:37:49:176:837                      obstacles_XPos                                 20
  17-03-2024 17:37:49:176:866                      obstacles_XPos                                 25
  17-03-2024 17:37:49:176:895                      obstacles_XPos                                  7
  17-03-2024 17:37:49:176:926                      obstacles_XPos                                 22
  17-03-2024 17:37:49:176:955                      obstacles_XPos                                 14
  17-03-2024 17:37:49:176:983                      obstacles_XPos                                 16
   17-03-2024 17:37:49:177:12                      obstacles_XPos                                 23
   17-03-2024 17:37:49:177:41                      obstacles_XPos                                  0
   17-03-2024 17:37:49:177:70                      obstacles_XPos                                  0
  17-03-2024 17:37:49:177:111                      obstacles_XPos                                  0
  17-03-2024 17:37:49:177:140                      obstacles_XPos                                  0
  17-03-2024 17:37:49:177:169                      obstacles_XPos                                  0
  17-03-2024 17:37:49:177:198                      obstacles_XPos                                  0
  17-03-2024 17:37:49:177:227                      obstacles_XPos                                  0
  17-03-2024 17:37:49:177:256                      obstacles_XPos                                  0
  17-03-2024 17:37:49:177:285                      obstacles_XPos                                  0
  17-03-2024 17:37:49:177:314                      obstacles_XPos                                  0
  17-03-2024 17:37:49:177:344          Finished obstacles xcoords                                 -
  17-03-2024 17:37:49:177:373         Drone and obstacle coincide                                 -
  17-03-2024 17:37:49:177:416                     keypressedValue                                 -1
  17-03-2024 17:37:49:177:445                      dronePositionY                                 15
  17-03-2024 17:37:49:177:634                      dronePositionX                                 15
  17-03-2024 17:37:49:278:144            Server performed 1 cycle                                 -
  17-03-2024 17:37:49:278:259                     keypressedValue                                 -1
  17-03-2024 17:37:49:278:295                      dronePositionY                                 15
  17-03-2024 17:37:49:278:325                      dronePositionX                                 15
  17-03-2024 17:37:49:379:120            Server performed 1 cycle                                 -
  17-03-2024 17:37:49:379:282                     keypressedValue                                 -1
  17-03-2024 17:37:49:379:333                      dronePositionY                                 15
  17-03-2024 17:37:49:379:378                      dronePositionX                                 15
  17-03-2024 17:37:49:480:470            Server performed 1 cycle                                 -
  17-03-2024 17:37:49:480:619                     keypressedValue                                 -1
  17-03-2024 17:37:49:480:657                      dronePositionY                                 15
  17-03-2024 17:37:49:480:688                      dronePositionX                                 15
  17-03-2024 17:37:49:581:660            Server performed 1 cycle                                 -
  17-03-2024 17:37:49:581:815                     keypressedValue                                 -1
  17-03-2024 17:37:49:581:857                      dronePositionY                                 15
  17-03-2024 17:37:49:581:890                      dronePositionX                                 15
  17-03-2024 17:37:49:682:890            Server performed 1 cycle                                 -
    17-03-2024 17:37:49:683:5                     keypressedValue                                 -1
   17-03-2024 17:37:49:683:39                      dronePositionY                                 15
   17-03-2024 17:37:49:683:69                      dronePositionX                                 15
   17-03-2024 17:37:49:784:64            Server performed 1 cycle                                 -
  17-03-2024 17:37:49:784:215                     keypressedValue                                 -1
  17-03-2024 17:37:49:784:268                      dronePositionY                                 15
  17-03-2024 17:37:49:784:311                      dronePositionX                                 15
  17-03-2024 17:37:49:885:300            Server performed 1 cycle                                 -
  17-03-2024 17:37:49:885:411                     keypressedValue                                 -1
  17-03-2024 17:37:49:885:445                      dronePositionY                                 15
  17-03-2024 17:37:49:885:475                      dronePositionX                                 15
  17-03-2024 17:37:49:985:858            Server performed 1 cycle                                 -
  17-03-2024 17:37:49:985:948                     keypressedValue                                 -1
   17-03-2024 17:37:49:986:94                      dronePositionY                                 15
  17-03-2024 17:37:49:986:144                      dronePositionX                                 15
   17-03-2024 17:37:50:86:326            Server performed 1 cycle                                 -
   17-03-2024 17:37:50:86:439                     keypressedValue                                 -1
   17-03-2024 17:37:50:86:473                      dronePositionY                                 15
   17-03-2024 17:37:50:86:502                      dronePositionX                                 15
    17-03-2024 17:37:50:187:4            Server performed 1 cycle                                 -
  17-03-2024 17:37:50:187:110                     keypressedValue                                 -1
  17-03-2024 17:37:50:187:144                      dronePositionY                                 15
  17-03-2024 17:37:50:187:174                      dronePositionX                                 15
  17-03-2024 17:37:50:287:476            Server performed 1 cycle                                 -
  17-03-2024 17:37:50:287:589                     keypressedValue                                 -1
  17-03-2024 17:37:50:287:624                      dronePositionY                                 15
  17-03-2024 17:37:50:287:653                      dronePositionX                                 15
  17-03-2024 17:37:50:388:198            Server performed 1 cycle                                 -
  17-03-2024 17:37:50:388:313                     keypressedValue                                 -1
  17-03-2024 17:37:50:388:347                      dronePositionY                                 15
  17-03-2024 17:37:50:388:377                      dronePositionX                                 15
  17-03-2024 17:37:50:488:776            Server performed 1 cycle                                 -
  17-03-2024 17:37:50:488:910                     keypressedValue                                 -1
  17-03-2024 17:37:50:488:944                      dronePositionY                                 15
  17-03-2024 17:37:50:488:974                      dronePositionX                                 15
  17-03-2024 17:37:50:589:459            Server performed 1 cycle                                 -
  17-03-2024 17:37:50:589:549                     keypressedValue                                 -1
  17-03-2024 17:37:50:589:595                      dronePositionY                                 15
  17-03-2024 17:37:50:589:634                      dronePositionX                                 15
  17-03-2024 17:37:50:690:246            Server performed 1 cycle                                 -
  17-03-2024 17:37:50:690:357                     keypressedValue                                 -1
  17-03-2024 17:37:50:690:391                      dronePositionY                                 15
  17-03-2024 17:37:50:690:420                      dronePositionX                                 15
  17-03-2024 17:37:50:790:800            Server performed 1 cycle                                 -
  17-03-2024 17:37:50:790:910                     keypressedValue                                 -1
  17-03-2024 17:37:50:790:944                      dronePositionY                                 15
  17-03-2024 17:37:50:790:975                      dronePositionX                                 15
  17-03-2024 17:37:50:891:226            Server performed 1 cycle                                 -
  17-03-2024 17:37:50:891:338                     keypressedValue                                 -1
  17-03-2024 17:37:50:891:371                      dronePositionY                                 15
  17-03-2024 17:37:50:891:401                      dronePositionX                                 15
  17-03-2024 17:37:50:991:926            Server performed 1 cycle                                 -
  17-03-2024 17:37:50:992:126                     keypressedValue                                 -1
  17-03-2024 17:37:50:992:179                      dronePositionY                                 15
  17-03-2024 17:37:50:992:212                      dronePositionX                                 15
   17-03-2024 17:37:51:92:667            Server performed 1 cycle                                 -
   17-03-2024 17:37:51:92:788                     keypressedValue                                 -1
   17-03-2024 17:37:51:92:995                      dronePositionY                                 15
    17-03-2024 17:37:51:93:31                      dronePositionX                                 15
  17-03-2024 17:37:51:193:609            Server performed 1 cycle                                 -
  17-03-2024 17:37:51:193:706                     keypressedValue                                 -1
  17-03-2024 17:37:51:193:737                      dronePositionY                                 15
  17-03-2024 17:37:51:193:768                      dronePositionX                                 15
  17-03-2024 17:37:51:294:179            Server performed 1 cycle                                 -
  17-03-2024 17:37:51:294:332                     keypressedValue                                 -1
  17-03-2024 17:37:51:294:391                      dronePositionY                                 15
  17-03-2024 17:37:51:294:445                      dronePositionX                                 15
  17-03-2024 17:37:51:395:722            Server performed 1 cycle                                 -
  17-03-2024 17:37:51:395:814                     keypressedValue                                 -1
  17-03-2024 17:37:51:395:846                      dronePositionY                                 15
   17-03-2024 17:37:51:396:44                      dronePositionX                                 15
  17-03-2024 17:37:51:496:751            Server performed 1 cycle                                 -
  17-03-2024 17:37:51:496:944                     keypressedValue                                 -1
   17-03-2024 17:37:51:497:41                      dronePositionY                                 15
  17-03-2024 17:37:51:497:127                      dronePositionX                                 15
  17-03-2024 17:37:51:598:304            Server performed 1 cycle                                 -
  17-03-2024 17:37:51:598:371                     keypressedValue                                 -1
  17-03-2024 17:37:51:598:491                      dronePositionY                                 15
  17-03-2024 17:37:51:598:529                      dronePositionX                                 15
  17-03-2024 17:37:51:698:901            Server performed 1 cycle                                 -
  17-03-2024 17:37:51:699:120                     keypressedValue                                 -1
  17-03-2024 17:37:51:699:160                      dronePositionY                                 15
  17-03-2024 17:37:51:699:190                      dronePositionX                                 15
    17-03-2024 17:37:51:800:9            Server performed 1 cycle                                 -
   17-03-2024 17:37:51:800:78                     keypressedValue                                 -1
  17-03-2024 17:37:51:800:111                      dronePositionY                                 15
  17-03-2024 17:37:51:800:142                      dronePositionX                                 15
  17-03-2024 17:37:51:900:660            Server performed 1 cycle                                 -
  17-03-2024 17:37:51:900:772                     keypressedValue                                 -1
  17-03-2024 17:37:51:900:809                      dronePositionY                                 15
  17-03-2024 17:37:51:900:838                      dronePositionX                                 15
    17-03-2024 17:37:52:1:195            Server performed 1 cycle                                 -
    17-03-2024 17:37:52:1:329                     keypressedValue                                 -1
    17-03-2024 17:37:52:1:364                      dronePositionY                                 15
    17-03-2024 17:37:52:1:394                      dronePositionX                                 15
   17-03-2024 17:37:52:102:69            Server performed 1 cycle                                 -
  17-03-2024 17:37:52:102:162                     keypressedValue                                 -1
  17-03-2024 17:37:52:102:195                      dronePositionY                                 15
  17-03-2024 17:37:52:102:225                      dronePositionX                                 15
  17-03-2024 17:37:52:203:102            Server performed 1 cycle                                 -
  17-03-2024 17:37:52:203:211                     keypressedValue                                 -1
  17-03-2024 17:37:52:203:245                      dronePositionY                                 15
  17-03-2024 17:37:52:203:276                      dronePositionX                                 15
  17-03-2024 17:37:52:303:707            Server performed 1 cycle                                 -
  17-03-2024 17:37:52:303:803                     keypressedValue                                 -1
  17-03-2024 17:37:52:303:837                      dronePositionY                                 15
  17-03-2024 17:37:52:303:867                      dronePositionX                                 15
  17-03-2024 17:37:52:404:707            Server performed 1 cycle                                 -
  17-03-2024 17:37:52:404:831                     keypressedValue                                 -1
  17-03-2024 17:37:52:404:866                      dronePositionY                                 15
  17-03-2024 17:37:52:404:896                      dronePositionX                                 15
   17-03-2024 17:37:52:506:71            Server performed 1 cycle                                 -
  17-03-2024 17:37:52:506:158                     keypressedValue                                 -1
  17-03-2024 17:37:52:506:191                      dronePositionY                                 15
  17-03-2024 17:37:52:506:221                      dronePositionX                                 15
   17-03-2024 17:37:52:607:21            Server performed 1 cycle                                 -
  17-03-2024 17:37:52:607:146                     keypressedValue                                 -1
  17-03-2024 17:37:52:607:196                      dronePositionY                                 15
  17-03-2024 17:37:52:607:247                      dronePositionX                                 15
   17-03-2024 17:37:52:708:58            Server performed 1 cycle                                 -
  17-03-2024 17:37:52:708:183                     keypressedValue                                 -1
  17-03-2024 17:37:52:708:218                      dronePositionY                                 15
  17-03-2024 17:37:52:708:247                      dronePositionX                                 15
  17-03-2024 17:37:52:808:921            Server performed 1 cycle                                 -
   17-03-2024 17:37:52:809:31                     keypressedValue                                 -1
   17-03-2024 17:37:52:809:64                      dronePositionY                                 15
   17-03-2024 17:37:52:809:94                      dronePositionX                                 15
  17-03-2024 17:37:52:909:640            Server performed 1 cycle                                 -
  17-03-2024 17:37:52:909:753                     keypressedValue                                 -1
  17-03-2024 17:37:52:909:787                      dronePositionY                                 15
  17-03-2024 17:37:52:909:816                      dronePositionX                                 15
   17-03-2024 17:37:53:10:638            Server performed 1 cycle                                 -
   17-03-2024 17:37:53:10:750                     keypressedValue                                 -1
   17-03-2024 17:37:53:10:796                      dronePositionY                                 15
   17-03-2024 17:37:53:10:826                      dronePositionX                                 15
   17-03-2024 17:37:53:111:41            Server performed 1 cycle                                 -
  17-03-2024 17:37:53:111:153                     keypressedValue                                 -1
  17-03-2024 17:37:53:111:187                      dronePositionY                                 15
  17-03-2024 17:37:53:111:217                      dronePositionX                                 15
  17-03-2024 17:37:53:212:133            Server performed 1 cycle                                 -
  17-03-2024 17:37:53:212:239                     keypressedValue                                 -1
  17-03-2024 17:37:53:212:273                      dronePositionY                                 15
  17-03-2024 17:37:53:212:303                      dronePositionX                                 15
  17-03-2024 17:37:53:312:897            Server performed 1 cycle                                 -
    17-03-2024 17:37:53:313:9                     keypressedValue                                 -1
   17-03-2024 17:37:53:313:42                      dronePositionY                                 15
   17-03-2024 17:37:53:313:73                      dronePositionX                                 15
  17-03-2024 17:37:53:413:722            Server performed 1 cycle                                 -
  17-03-2024 17:37:53:413:807                     keypressedValue                                 -1
  17-03-2024 17:37:53:413:853                      dronePositionY                                 15
  17-03-2024 17:37:53:413:892                      dronePositionX                                 15
  17-03-2024 17:37:53:514:634            Server performed 1 cycle                                 -
  17-03-2024 17:37:53:514:766                     keypressedValue                                 -1
  17-03-2024 17:37:53:514:801                      dronePositionY                                 15
  17-03-2024 17:37:53:514:832                      dronePositionX                                 15
  17-03-2024 17:37:53:615:280            Server performed 1 cycle                                 -
  17-03-2024 17:37:53:615:406                     keypressedValue                                 -1
  17-03-2024 17:37:53:615:441                      dronePositionY                                 15
  17-03-2024 17:37:53:615:471                      dronePositionX                                 15
  17-03-2024 17:37:53:715:931            Server performed 1 cycle                                 -
   17-03-2024 17:37:53:716:58                     keypressedValue                                 -1
   17-03-2024 17:37:53:716:94                      dronePositionY                                 15
  17-03-2024 17:37:53:716:124                      dronePositionX                                 15
  17-03-2024 17:37:53:817:272            Server performed 1 cycle                                 -
  17-03-2024 17:37:53:817:403                     keypressedValue                                 -1
  17-03-2024 17:37:53:817:438                      dronePositionY                                 15
  17-03-2024 17:37:53:817:468                      dronePositionX                                 15
   17-03-2024 17:37:53:918:66            Server performed 1 cycle                                 -
  17-03-2024 17:37:53:918:192                     keypressedValue                                 -1
  17-03-2024 17:37:53:918:227                      dronePositionY                                 15
  17-03-2024 17:37:53:918:257                      dronePositionX                                 15
   17-03-2024 17:37:54:18:541            Server performed 1 cycle                                 -
   17-03-2024 17:37:54:18:663                     keypressedValue                                 -1
   17-03-2024 17:37:54:18:713                      dronePositionY                                 15
   17-03-2024 17:37:54:18:746                      dronePositionX                                 15
  17-03-2024 17:37:54:119:258            Server performed 1 cycle                                 -
  17-03-2024 17:37:54:119:380                     keypressedValue                                 -1
  17-03-2024 17:37:54:119:414                      dronePositionY                                 15
  17-03-2024 17:37:54:119:444                      dronePositionX                                 15
  17-03-2024 17:37:54:219:829            Server performed 1 cycle                                 -
  17-03-2024 17:37:54:219:942                     keypressedValue                                 -1
  17-03-2024 17:37:54:219:977                      dronePositionY                                 15
    17-03-2024 17:37:54:220:6                      dronePositionX                                 15
  17-03-2024 17:37:54:320:255            Server performed 1 cycle                                 -
  17-03-2024 17:37:54:320:379                     keypressedValue                                 -1
  17-03-2024 17:37:54:320:414                      dronePositionY                                 15
  17-03-2024 17:37:54:320:443                      dronePositionX                                 15
  17-03-2024 17:37:54:421:305            Server performed 1 cycle                                 -
  17-03-2024 17:37:54:421:422                     keypressedValue                                 -1
  17-03-2024 17:37:54:421:457                      dronePositionY                                 15
  17-03-2024 17:37:54:421:487                      dronePositionX                                 15
  17-03-2024 17:37:54:521:830            Server performed 1 cycle                                 -
  17-03-2024 17:37:54:521:981                     keypressedValue                                 -1
   17-03-2024 17:37:54:522:17                      dronePositionY                                 15
   17-03-2024 17:37:54:522:47                      dronePositionX                                 15
  17-03-2024 17:37:54:623:166            Server performed 1 cycle                                 -
  17-03-2024 17:37:54:623:287                     keypressedValue                                108
  17-03-2024 17:37:54:623:321                      dronePositionY                                 15
  17-03-2024 17:37:54:623:352                      dronePositionX                                 15
  17-03-2024 17:37:54:646:843                    Received SIGTERM                                 -
  17-03-2024 17:37:54:724:460            Server performed 1 cycle                                 -
  17-03-2024 17:37:54:724:612                     keypressedValue                                108
  17-03-2024 17:37:54:724:803                      dronePositionY                                 15
  17-03-2024 17:37:54:724:858                      dronePositionX                                 15
  17-03-2024 17:37:54:724:923         Closing all links and pipes                                 -
  17-03-2024 17:37:54:724:964                        STOP message                               STOP
   17-03-2024 17:37:54:725:62                   Sent STOP message                                 -
  17-03-2024 17:37:58:890:895             Error: Target STOP echo           Connection reset by peer
  17-03-2024 17:37:58:891:258                        STOP message                               STOP
  17-03-2024 17:37:58:891:355                   Sent STOP message                                 -
  17-03-2024 17:37:58:892:863           Error: Obstacle STOP echo           Connection reset by peer
   17-03-2024 17:37:58:893:22                Closed server_socket                                 -
   17-03-2024 17:37:58:893:93                       Closed target                                 -
  17-03-2024 17:37:58:893:147                     Closed obstacle                                 -
  17-03-2024 17:37:58:893:212               Closed watch2serverfd                                 -
  17-03-2024 17:37:58:893:288               Closed server2watchfd                                 -
  17-03-2024 17:37:58:893:337               Closed UI2server_read                                 -
  17-03-2024 17:37:58:893:415              Closed server2UI_write                                 -
  17-03-2024 17:37:58:893:458            Closed drone2server_read                                 -
  17-03-2024 17:37:58:893:507           Closed server2drone_write                                 -
  17-03-2024 17:37:58:893:551                       Closed UI_ack                                 -
  17-03-2024 17:37:58:893:595                    Closed drone_ack                                 -
  17-03-2024 17:37:58:893:638             Closed server2UItargetY                                 -
  17-03-2024 17:37:58:893:679             Closed server2UItargetX                                 -
  17-03-2024 17:37:58:893:720          Closed server2UIobstaclesY                                 -
  17-03-2024 17:37:58:893:759          Closed server2UIobstaclesX                                 -
  17-03-2024 17:37:58:893:800       Closed server2droneobstaclesY                                 -
  17-03-2024 17:37:58:893:844       Closed server2droneobstaclesX                                 -
  17-03-2024 17:37:58:893:892                     Killing process                                 -
