                     DATE/TIME                   MESSAGE/VARIABLE                               DATA
   17-03-2024 17:37:39:173:71                          server pid                              23928
  17-03-2024 17:37:39:173:180                              UI pid                              23922
  17-03-2024 17:37:39:173:215                           drone pid                              23923
  17-03-2024 17:37:39:173:395                        watchdog pid                              23926
  17-03-2024 17:37:39:173:447      sent watchdog pid to processes                                 -
  17-03-2024 17:37:40:173:857                         current pid                              23928
  17-03-2024 17:37:40:173:969               sent SIGUSR1 to 23928                                 -
  17-03-2024 17:37:40:274:952        received response from 23928                                 -
   17-03-2024 17:37:40:275:38                         current pid                              23922
  17-03-2024 17:37:40:275:116               sent SIGUSR1 to 23922                                 -
  17-03-2024 17:37:40:376:378        received response from 23922                                 -
  17-03-2024 17:37:40:376:473                         current pid                              23923
  17-03-2024 17:37:40:376:553               sent SIGUSR1 to 23923                                 -
  17-03-2024 17:37:40:477:382        received response from 23923                                 -
  17-03-2024 17:37:40:477:476                         current pid                              23928
  17-03-2024 17:37:40:477:523               sent SIGUSR1 to 23928                                 -
   17-03-2024 17:37:40:578:64        received response from 23928                                 -
  17-03-2024 17:37:40:578:161                         current pid                              23922
  17-03-2024 17:37:40:578:243               sent SIGUSR1 to 23922                                 -
  17-03-2024 17:37:40:679:273        received response from 23922                                 -
  17-03-2024 17:37:40:679:374                         current pid                              23923
  17-03-2024 17:37:40:679:457               sent SIGUSR1 to 23923                                 -
  17-03-2024 17:37:40:780:234        received response from 23923                                 -
  17-03-2024 17:37:40:780:340                         current pid                              23928
  17-03-2024 17:37:40:780:410               sent SIGUSR1 to 23928                                 -
  17-03-2024 17:37:40:881:268        received response from 23928                                 -
  17-03-2024 17:37:40:881:411                         current pid                              23922
  17-03-2024 17:37:40:881:522               sent SIGUSR1 to 23922                                 -
  17-03-2024 17:37:40:982:103        received response from 23922                                 -
  17-03-2024 17:37:40:982:206                         current pid                              23923
  17-03-2024 17:37:40:982:289               sent SIGUSR1 to 23923                                 -
   17-03-2024 17:37:41:83:695        received response from 23923                                 -
   17-03-2024 17:37:41:83:791                         current pid                              23928
   17-03-2024 17:37:41:83:840               sent SIGUSR1 to 23928                                 -
  17-03-2024 17:37:41:184:358        received response from 23928                                 -
  17-03-2024 17:37:41:184:454                         current pid                              23922
  17-03-2024 17:37:41:184:563               sent SIGUSR1 to 23922                                 -
  17-03-2024 17:37:41:285:372        received response from 23922                                 -
  17-03-2024 17:37:41:285:476                         current pid                              23923
  17-03-2024 17:37:41:285:574               sent SIGUSR1 to 23923                                 -
  17-03-2024 17:37:41:386:469        received response from 23923                                 -
  17-03-2024 17:37:41:386:574                         current pid                              23928
  17-03-2024 17:37:41:386:624               sent SIGUSR1 to 23928                                 -
   17-03-2024 17:37:41:487:62        received response from 23928                                 -
  17-03-2024 17:37:41:487:157                         current pid                              23922
  17-03-2024 17:37:41:487:238               sent SIGUSR1 to 23922                                 -
  17-03-2024 17:37:41:588:275        received response from 23922                                 -
  17-03-2024 17:37:41:588:376                         current pid                              23923
  17-03-2024 17:37:41:588:463               sent SIGUSR1 to 23923                                 -
  17-03-2024 17:37:41:588:911        received response from 23923                                 -
   17-03-2024 17:37:41:589:42                         current pid                              23928
   17-03-2024 17:37:41:589:88               sent SIGUSR1 to 23928                                 -
   17-03-2024 17:37:41:690:93        received response from 23928                                 -
  17-03-2024 17:37:41:690:189                         current pid                              23922
  17-03-2024 17:37:41:690:283               sent SIGUSR1 to 23922                                 -
  17-03-2024 17:37:41:790:917        received response from 23922                                 -
   17-03-2024 17:37:41:791:14                         current pid                              23923
  17-03-2024 17:37:41:791:107               sent SIGUSR1 to 23923                                 -
  17-03-2024 17:37:41:892:183        received response from 23923                                 -
  17-03-2024 17:37:41:892:318                         current pid                              23928
  17-03-2024 17:37:41:892:401               sent SIGUSR1 to 23928                                 -
   17-03-2024 17:37:41:993:25        received response from 23928                                 -
  17-03-2024 17:37:41:993:124                         current pid                              23922
  17-03-2024 17:37:41:993:206               sent SIGUSR1 to 23922                                 -
   17-03-2024 17:37:42:93:801        received response from 23922                                 -
   17-03-2024 17:37:42:93:897                         current pid                              23923
   17-03-2024 17:37:42:93:979               sent SIGUSR1 to 23923                                 -
  17-03-2024 17:37:42:194:532        received response from 23923                                 -
  17-03-2024 17:37:42:194:655                         current pid                              23928
  17-03-2024 17:37:42:194:777               sent SIGUSR1 to 23928                                 -
  17-03-2024 17:37:42:295:438        received response from 23928                                 -
  17-03-2024 17:37:42:295:506                         current pid                              23922
  17-03-2024 17:37:42:295:605               sent SIGUSR1 to 23922                                 -
  17-03-2024 17:37:42:398:169        received response from 23922                                 -
  17-03-2024 17:37:42:398:250                         current pid                              23923
  17-03-2024 17:37:42:398:343               sent SIGUSR1 to 23923                                 -
  17-03-2024 17:37:42:499:449        received response from 23923                                 -
  17-03-2024 17:37:42:499:513                         current pid                              23928
  17-03-2024 17:37:42:499:598               sent SIGUSR1 to 23928                                 -
  17-03-2024 17:37:42:600:395        received response from 23928                                 -
  17-03-2024 17:37:42:600:457                         current pid                              23922
  17-03-2024 17:37:42:600:558               sent SIGUSR1 to 23922                                 -
  17-03-2024 17:37:42:701:591        received response from 23922                                 -
  17-03-2024 17:37:42:701:658                         current pid                              23923
  17-03-2024 17:37:42:701:757               sent SIGUSR1 to 23923                                 -
  17-03-2024 17:37:42:802:419        received response from 23923                                 -
  17-03-2024 17:37:42:802:480                         current pid                              23928
  17-03-2024 17:37:42:802:563               sent SIGUSR1 to 23928                                 -
  17-03-2024 17:37:42:903:186        received response from 23928                                 -
  17-03-2024 17:37:42:903:246                         current pid                              23922
  17-03-2024 17:37:42:903:330               sent SIGUSR1 to 23922                                 -
    17-03-2024 17:37:43:4:111        received response from 23922                                 -
    17-03-2024 17:37:43:4:171                         current pid                              23923
    17-03-2024 17:37:43:4:255               sent SIGUSR1 to 23923                                 -
  17-03-2024 17:37:43:105:217        received response from 23923                                 -
  17-03-2024 17:37:43:105:281                         current pid                              23928
  17-03-2024 17:37:43:105:365               sent SIGUSR1 to 23928                                 -
  17-03-2024 17:37:43:205:945        received response from 23928                                 -
    17-03-2024 17:37:43:206:5                         current pid                              23922
  17-03-2024 17:37:43:206:116               sent SIGUSR1 to 23922                                 -
  17-03-2024 17:37:43:307:394        received response from 23922                                 -
  17-03-2024 17:37:43:307:489                         current pid                              23923
  17-03-2024 17:37:43:307:573               sent SIGUSR1 to 23923                                 -
  17-03-2024 17:37:43:408:346        received response from 23923                                 -
  17-03-2024 17:37:43:408:443                         current pid                              23928
  17-03-2024 17:37:43:408:487               sent SIGUSR1 to 23928                                 -
  17-03-2024 17:37:43:408:908        received response from 23928                                 -
  17-03-2024 17:37:43:408:989                         current pid                              23922
   17-03-2024 17:37:43:409:71               sent SIGUSR1 to 23922                                 -
  17-03-2024 17:37:43:509:624        received response from 23922                                 -
  17-03-2024 17:37:43:509:683                         current pid                              23923
  17-03-2024 17:37:43:509:765               sent SIGUSR1 to 23923                                 -
  17-03-2024 17:37:43:610:922        received response from 23923                                 -
   17-03-2024 17:37:43:611:37                         current pid                              23928
  17-03-2024 17:37:43:611:722               sent SIGUSR1 to 23928                                 -
  17-03-2024 17:37:43:712:735        received response from 23928                                 -
  17-03-2024 17:37:43:712:867                         current pid                              23922
  17-03-2024 17:37:43:712:927               sent SIGUSR1 to 23922                                 -
   17-03-2024 17:37:43:814:21        received response from 23922                                 -
  17-03-2024 17:37:43:814:323                         current pid                              23923
  17-03-2024 17:37:43:814:440               sent SIGUSR1 to 23923                                 -
  17-03-2024 17:37:43:915:133        received response from 23923                                 -
  17-03-2024 17:37:43:915:244                         current pid                              23928
  17-03-2024 17:37:43:915:293               sent SIGUSR1 to 23928                                 -
   17-03-2024 17:37:44:16:150        received response from 23928                                 -
   17-03-2024 17:37:44:16:244                         current pid                              23922
   17-03-2024 17:37:44:16:327               sent SIGUSR1 to 23922                                 -
  17-03-2024 17:37:44:116:901        received response from 23922                                 -
   17-03-2024 17:37:44:117:37                         current pid                              23923
  17-03-2024 17:37:44:117:114               sent SIGUSR1 to 23923                                 -
  17-03-2024 17:37:44:218:210        received response from 23923                                 -
  17-03-2024 17:37:44:218:343                         current pid                              23928
  17-03-2024 17:37:44:218:387               sent SIGUSR1 to 23928                                 -
  17-03-2024 17:37:44:318:942        received response from 23928                                 -
   17-03-2024 17:37:44:319:49                         current pid                              23922
  17-03-2024 17:37:44:319:168               sent SIGUSR1 to 23922                                 -
  17-03-2024 17:37:44:420:631        received response from 23922                                 -
  17-03-2024 17:37:44:420:726                         current pid                              23923
  17-03-2024 17:37:44:420:807               sent SIGUSR1 to 23923                                 -
  17-03-2024 17:37:44:521:286        received response from 23923                                 -
  17-03-2024 17:37:44:521:379                         current pid                              23928
  17-03-2024 17:37:44:521:427               sent SIGUSR1 to 23928                                 -
  17-03-2024 17:37:44:622:451        received response from 23928                                 -
  17-03-2024 17:37:44:622:543                         current pid                              23922
  17-03-2024 17:37:44:622:626               sent SIGUSR1 to 23922                                 -
  17-03-2024 17:37:44:723:375        received response from 23922                                 -
  17-03-2024 17:37:44:723:473                         current pid                              23923
  17-03-2024 17:37:44:723:555               sent SIGUSR1 to 23923                                 -
  17-03-2024 17:37:44:824:295        received response from 23923                                 -
  17-03-2024 17:37:44:824:399                         current pid                              23928
  17-03-2024 17:37:44:824:449               sent SIGUSR1 to 23928                                 -
  17-03-2024 17:37:44:925:634        received response from 23928                                 -
  17-03-2024 17:37:44:925:790                         current pid                              23922
  17-03-2024 17:37:44:925:910               sent SIGUSR1 to 23922                                 -
   17-03-2024 17:37:45:26:638        received response from 23922                                 -
   17-03-2024 17:37:45:26:740                         current pid                              23923
   17-03-2024 17:37:45:26:843               sent SIGUSR1 to 23923                                 -
  17-03-2024 17:37:45:127:710        received response from 23923                                 -
  17-03-2024 17:37:45:127:834                         current pid                              23928
  17-03-2024 17:37:45:127:917               sent SIGUSR1 to 23928                                 -
   17-03-2024 17:37:45:229:70        received response from 23928                                 -
  17-03-2024 17:37:45:229:172                         current pid                              23922
  17-03-2024 17:37:45:229:269               sent SIGUSR1 to 23922                                 -
  17-03-2024 17:37:45:329:852        received response from 23922                                 -
  17-03-2024 17:37:45:329:953                         current pid                              23923
   17-03-2024 17:37:45:330:37               sent SIGUSR1 to 23923                                 -
  17-03-2024 17:37:45:431:132        received response from 23923                                 -
  17-03-2024 17:37:45:431:220                         current pid                              23928
  17-03-2024 17:37:45:431:268               sent SIGUSR1 to 23928                                 -
  17-03-2024 17:37:45:532:679        received response from 23928                                 -
  17-03-2024 17:37:45:532:784                         current pid                              23922
  17-03-2024 17:37:45:532:866               sent SIGUSR1 to 23922                                 -
  17-03-2024 17:37:45:634:215        received response from 23922                                 -
  17-03-2024 17:37:45:634:301                         current pid                              23923
  17-03-2024 17:37:45:634:381               sent SIGUSR1 to 23923                                 -
  17-03-2024 17:37:45:734:948        received response from 23923                                 -
   17-03-2024 17:37:45:735:40                         current pid                              23928
   17-03-2024 17:37:45:735:91               sent SIGUSR1 to 23928                                 -
  17-03-2024 17:37:45:835:568        received response from 23928                                 -
  17-03-2024 17:37:45:835:657                         current pid                              23922
  17-03-2024 17:37:45:835:739               sent SIGUSR1 to 23922                                 -
  17-03-2024 17:37:45:937:149        received response from 23922                                 -
  17-03-2024 17:37:45:937:235                         current pid                              23923
  17-03-2024 17:37:45:937:316               sent SIGUSR1 to 23923                                 -
   17-03-2024 17:37:46:37:829        received response from 23923                                 -
   17-03-2024 17:37:46:37:920                         current pid                              23928
   17-03-2024 17:37:46:37:968               sent SIGUSR1 to 23928                                 -
  17-03-2024 17:37:46:138:472        received response from 23928                                 -
  17-03-2024 17:37:46:138:560                         current pid                              23922
  17-03-2024 17:37:46:138:642               sent SIGUSR1 to 23922                                 -
  17-03-2024 17:37:46:239:315        received response from 23922                                 -
  17-03-2024 17:37:46:239:403                         current pid                              23923
  17-03-2024 17:37:46:239:484               sent SIGUSR1 to 23923                                 -
  17-03-2024 17:37:46:340:678        received response from 23923                                 -
  17-03-2024 17:37:46:340:777                         current pid                              23928
  17-03-2024 17:37:46:340:827               sent SIGUSR1 to 23928                                 -
  17-03-2024 17:37:46:441:745        received response from 23928                                 -
  17-03-2024 17:37:46:441:833                         current pid                              23922
  17-03-2024 17:37:46:441:929               sent SIGUSR1 to 23922                                 -
    17-03-2024 17:37:46:543:9        received response from 23922                                 -
   17-03-2024 17:37:46:543:95                         current pid                              23923
  17-03-2024 17:37:46:543:176               sent SIGUSR1 to 23923                                 -
  17-03-2024 17:37:46:644:639        received response from 23923                                 -
  17-03-2024 17:37:46:644:729                         current pid                              23928
  17-03-2024 17:37:46:644:797               sent SIGUSR1 to 23928                                 -
  17-03-2024 17:37:46:745:286        received response from 23928                                 -
  17-03-2024 17:37:46:745:430                         current pid                              23922
  17-03-2024 17:37:46:745:557               sent SIGUSR1 to 23922                                 -
  17-03-2024 17:37:46:746:399        received response from 23922                                 -
  17-03-2024 17:37:46:746:440                         current pid                              23923
  17-03-2024 17:37:46:746:607               sent SIGUSR1 to 23923                                 -
  17-03-2024 17:37:46:847:267        received response from 23923                                 -
  17-03-2024 17:37:46:847:328                         current pid                              23928
  17-03-2024 17:37:46:847:374               sent SIGUSR1 to 23928                                 -
  17-03-2024 17:37:46:948:218        received response from 23928                                 -
  17-03-2024 17:37:46:948:315                         current pid                              23922
  17-03-2024 17:37:46:948:410               sent SIGUSR1 to 23922                                 -
   17-03-2024 17:37:47:48:836        received response from 23922                                 -
   17-03-2024 17:37:47:48:925                         current pid                              23923
    17-03-2024 17:37:47:49:21               sent SIGUSR1 to 23923                                 -
  17-03-2024 17:37:47:149:852        received response from 23923                                 -
  17-03-2024 17:37:47:149:949                         current pid                              23928
  17-03-2024 17:37:47:149:998               sent SIGUSR1 to 23928                                 -
  17-03-2024 17:37:47:250:661        received response from 23928                                 -
  17-03-2024 17:37:47:250:750                         current pid                              23922
  17-03-2024 17:37:47:250:843               sent SIGUSR1 to 23922                                 -
  17-03-2024 17:37:47:351:525        received response from 23922                                 -
  17-03-2024 17:37:47:351:638                         current pid                              23923
  17-03-2024 17:37:47:351:757               sent SIGUSR1 to 23923                                 -
  17-03-2024 17:37:47:452:351        received response from 23923                                 -
  17-03-2024 17:37:47:452:463                         current pid                              23928
  17-03-2024 17:37:47:452:540               sent SIGUSR1 to 23928                                 -
  17-03-2024 17:37:47:553:421        received response from 23928                                 -
  17-03-2024 17:37:47:553:505                         current pid                              23922
  17-03-2024 17:37:47:553:587               sent SIGUSR1 to 23922                                 -
  17-03-2024 17:37:47:654:640        received response from 23922                                 -
  17-03-2024 17:37:47:654:819                         current pid                              23923
  17-03-2024 17:37:47:654:935               sent SIGUSR1 to 23923                                 -
  17-03-2024 17:37:47:655:688        received response from 23923                                 -
  17-03-2024 17:37:47:655:818                         current pid                              23928
  17-03-2024 17:37:47:655:895               sent SIGUSR1 to 23928                                 -
  17-03-2024 17:37:47:757:574        received response from 23928                                 -
  17-03-2024 17:37:47:757:662                         current pid                              23922
  17-03-2024 17:37:47:757:772               sent SIGUSR1 to 23922                                 -
  17-03-2024 17:37:47:858:577        received response from 23922                                 -
  17-03-2024 17:37:47:858:632                         current pid                              23923
  17-03-2024 17:37:47:858:777               sent SIGUSR1 to 23923                                 -
   17-03-2024 17:37:47:960:58        received response from 23923                                 -
  17-03-2024 17:37:47:960:112                         current pid                              23928
  17-03-2024 17:37:47:960:173               sent SIGUSR1 to 23928                                 -
  17-03-2024 17:37:47:960:666        received response from 23928                                 -
  17-03-2024 17:37:47:960:710                         current pid                              23922
  17-03-2024 17:37:47:960:818               sent SIGUSR1 to 23922                                 -
   17-03-2024 17:37:48:61:682        received response from 23922                                 -
   17-03-2024 17:37:48:61:735                         current pid                              23923
   17-03-2024 17:37:48:61:855               sent SIGUSR1 to 23923                                 -
  17-03-2024 17:37:48:162:270        received response from 23923                                 -
  17-03-2024 17:37:48:162:355                         current pid                              23928
  17-03-2024 17:37:48:162:402               sent SIGUSR1 to 23928                                 -
  17-03-2024 17:37:48:262:942        received response from 23928                                 -
   17-03-2024 17:37:48:263:25                         current pid                              23922
  17-03-2024 17:37:48:263:119               sent SIGUSR1 to 23922                                 -
  17-03-2024 17:37:48:363:709        received response from 23922                                 -
  17-03-2024 17:37:48:363:751                         current pid                              23923
  17-03-2024 17:37:48:363:843               sent SIGUSR1 to 23923                                 -
  17-03-2024 17:37:48:464:450        received response from 23923                                 -
  17-03-2024 17:37:48:464:493                         current pid                              23928
  17-03-2024 17:37:48:464:538               sent SIGUSR1 to 23928                                 -
  17-03-2024 17:37:48:565:637        received response from 23928                                 -
  17-03-2024 17:37:48:565:693                         current pid                              23922
  17-03-2024 17:37:48:565:796               sent SIGUSR1 to 23922                                 -
  17-03-2024 17:37:48:667:127        received response from 23922                                 -
  17-03-2024 17:37:48:667:253                         current pid                              23923
  17-03-2024 17:37:48:667:370               sent SIGUSR1 to 23923                                 -
  17-03-2024 17:37:48:767:746        received response from 23923                                 -
  17-03-2024 17:37:48:767:858                         current pid                              23928
  17-03-2024 17:37:48:767:921               sent SIGUSR1 to 23928                                 -
  17-03-2024 17:37:48:868:702        received response from 23928                                 -
  17-03-2024 17:37:48:868:794                         current pid                              23922
  17-03-2024 17:37:48:868:880               sent SIGUSR1 to 23922                                 -
   17-03-2024 17:37:48:970:98        received response from 23922                                 -
  17-03-2024 17:37:48:970:152                         current pid                              23923
  17-03-2024 17:37:48:970:212               sent SIGUSR1 to 23923                                 -
   17-03-2024 17:37:49:71:148        received response from 23923                                 -
   17-03-2024 17:37:49:71:193                         current pid                              23928
   17-03-2024 17:37:49:71:250               sent SIGUSR1 to 23928                                 -
   17-03-2024 17:37:49:72:425        received response from 23928                                 -
   17-03-2024 17:37:49:72:482                         current pid                              23922
   17-03-2024 17:37:49:72:597               sent SIGUSR1 to 23922                                 -
   17-03-2024 17:37:49:173:84        received response from 23922                                 -
  17-03-2024 17:37:49:173:184                         current pid                              23923
  17-03-2024 17:37:49:173:278               sent SIGUSR1 to 23923                                 -
  17-03-2024 17:37:49:274:674        received response from 23923                                 -
  17-03-2024 17:37:49:274:785                         current pid                              23928
  17-03-2024 17:37:49:274:880               sent SIGUSR1 to 23928                                 -
  17-03-2024 17:37:49:375:590        received response from 23928                                 -
  17-03-2024 17:37:49:375:706                         current pid                              23922
  17-03-2024 17:37:49:375:829               sent SIGUSR1 to 23922                                 -
   17-03-2024 17:37:49:477:28        received response from 23922                                 -
  17-03-2024 17:37:49:477:170                         current pid                              23923
  17-03-2024 17:37:49:477:278               sent SIGUSR1 to 23923                                 -
  17-03-2024 17:37:49:577:984        received response from 23923                                 -
  17-03-2024 17:37:49:578:152                         current pid                              23928
  17-03-2024 17:37:49:578:276               sent SIGUSR1 to 23928                                 -
  17-03-2024 17:37:49:679:292        received response from 23928                                 -
  17-03-2024 17:37:49:679:353                         current pid                              23922
  17-03-2024 17:37:49:679:436               sent SIGUSR1 to 23922                                 -
  17-03-2024 17:37:49:780:653        received response from 23922                                 -
  17-03-2024 17:37:49:780:716                         current pid                              23923
  17-03-2024 17:37:49:780:798               sent SIGUSR1 to 23923                                 -
  17-03-2024 17:37:49:881:675        received response from 23923                                 -
  17-03-2024 17:37:49:881:734                         current pid                              23928
  17-03-2024 17:37:49:881:816               sent SIGUSR1 to 23928                                 -
  17-03-2024 17:37:49:982:374        received response from 23928                                 -
  17-03-2024 17:37:49:982:436                         current pid                              23922
  17-03-2024 17:37:49:982:522               sent SIGUSR1 to 23922                                 -
    17-03-2024 17:37:50:83:37        received response from 23922                                 -
   17-03-2024 17:37:50:83:137                         current pid                              23923
   17-03-2024 17:37:50:83:220               sent SIGUSR1 to 23923                                 -
  17-03-2024 17:37:50:183:973        received response from 23923                                 -
   17-03-2024 17:37:50:184:71                         current pid                              23928
  17-03-2024 17:37:50:184:152               sent SIGUSR1 to 23928                                 -
  17-03-2024 17:37:50:284:817        received response from 23928                                 -
  17-03-2024 17:37:50:284:910                         current pid                              23922
  17-03-2024 17:37:50:284:993               sent SIGUSR1 to 23922                                 -
  17-03-2024 17:37:50:385:714        received response from 23922                                 -
  17-03-2024 17:37:50:385:831                         current pid                              23923
  17-03-2024 17:37:50:385:925               sent SIGUSR1 to 23923                                 -
  17-03-2024 17:37:50:486:573        received response from 23923                                 -
  17-03-2024 17:37:50:486:681                         current pid                              23928
  17-03-2024 17:37:50:486:780               sent SIGUSR1 to 23928                                 -
  17-03-2024 17:37:50:587:479        received response from 23928                                 -
  17-03-2024 17:37:50:587:597                         current pid                              23922
  17-03-2024 17:37:50:587:718               sent SIGUSR1 to 23922                                 -
  17-03-2024 17:37:50:688:435        received response from 23922                                 -
  17-03-2024 17:37:50:688:535                         current pid                              23923
  17-03-2024 17:37:50:688:630               sent SIGUSR1 to 23923                                 -
  17-03-2024 17:37:50:789:591        received response from 23923                                 -
  17-03-2024 17:37:50:789:695                         current pid                              23928
  17-03-2024 17:37:50:789:777               sent SIGUSR1 to 23928                                 -
  17-03-2024 17:37:50:890:211        received response from 23928                                 -
  17-03-2024 17:37:50:890:303                         current pid                              23922
  17-03-2024 17:37:50:890:383               sent SIGUSR1 to 23922                                 -
  17-03-2024 17:37:50:991:404        received response from 23922                                 -
  17-03-2024 17:37:50:991:504                         current pid                              23923
  17-03-2024 17:37:50:991:600               sent SIGUSR1 to 23923                                 -
   17-03-2024 17:37:51:92:734        received response from 23923                                 -
   17-03-2024 17:37:51:92:784                         current pid                              23928
   17-03-2024 17:37:51:92:892               sent SIGUSR1 to 23928                                 -
  17-03-2024 17:37:51:193:596        received response from 23928                                 -
  17-03-2024 17:37:51:193:688                         current pid                              23922
  17-03-2024 17:37:51:193:780               sent SIGUSR1 to 23922                                 -
  17-03-2024 17:37:51:294:550        received response from 23922                                 -
  17-03-2024 17:37:51:294:637                         current pid                              23923
  17-03-2024 17:37:51:294:735               sent SIGUSR1 to 23923                                 -
  17-03-2024 17:37:51:395:690        received response from 23923                                 -
  17-03-2024 17:37:51:395:810                         current pid                              23928
  17-03-2024 17:37:51:395:954               sent SIGUSR1 to 23928                                 -
  17-03-2024 17:37:51:496:751        received response from 23928                                 -
  17-03-2024 17:37:51:496:873                         current pid                              23922
   17-03-2024 17:37:51:497:53               sent SIGUSR1 to 23922                                 -
  17-03-2024 17:37:51:598:265        received response from 23922                                 -
  17-03-2024 17:37:51:598:350                         current pid                              23923
  17-03-2024 17:37:51:598:458               sent SIGUSR1 to 23923                                 -
  17-03-2024 17:37:51:698:852        received response from 23923                                 -
  17-03-2024 17:37:51:698:942                         current pid                              23928
   17-03-2024 17:37:51:699:49               sent SIGUSR1 to 23928                                 -
  17-03-2024 17:37:51:799:966        received response from 23928                                 -
   17-03-2024 17:37:51:800:54                         current pid                              23922
  17-03-2024 17:37:51:800:147               sent SIGUSR1 to 23922                                 -
  17-03-2024 17:37:51:901:227        received response from 23922                                 -
  17-03-2024 17:37:51:901:312                         current pid                              23923
  17-03-2024 17:37:51:901:361               sent SIGUSR1 to 23923                                 -
    17-03-2024 17:37:52:1:839        received response from 23923                                 -
    17-03-2024 17:37:52:1:928                         current pid                              23928
     17-03-2024 17:37:52:2:10               sent SIGUSR1 to 23928                                 -
   17-03-2024 17:37:52:103:78        received response from 23928                                 -
  17-03-2024 17:37:52:103:214                         current pid                              23922
  17-03-2024 17:37:52:103:321               sent SIGUSR1 to 23922                                 -
  17-03-2024 17:37:52:204:875        received response from 23922                                 -
  17-03-2024 17:37:52:204:977                         current pid                              23923
   17-03-2024 17:37:52:205:64               sent SIGUSR1 to 23923                                 -
  17-03-2024 17:37:52:305:673        received response from 23923                                 -
  17-03-2024 17:37:52:305:791                         current pid                              23928
  17-03-2024 17:37:52:305:875               sent SIGUSR1 to 23928                                 -
  17-03-2024 17:37:52:406:703        received response from 23928                                 -
  17-03-2024 17:37:52:406:817                         current pid                              23922
  17-03-2024 17:37:52:406:903               sent SIGUSR1 to 23922                                 -
  17-03-2024 17:37:52:507:536        received response from 23922                                 -
  17-03-2024 17:37:52:507:626                         current pid                              23923
  17-03-2024 17:37:52:507:720               sent SIGUSR1 to 23923                                 -
  17-03-2024 17:37:52:608:623        received response from 23923                                 -
  17-03-2024 17:37:52:608:768                         current pid                              23928
  17-03-2024 17:37:52:608:877               sent SIGUSR1 to 23928                                 -
  17-03-2024 17:37:52:709:773        received response from 23928                                 -
  17-03-2024 17:37:52:709:858                         current pid                              23922
  17-03-2024 17:37:52:709:941               sent SIGUSR1 to 23922                                 -
  17-03-2024 17:37:52:810:927        received response from 23922                                 -
   17-03-2024 17:37:52:811:11                         current pid                              23923
   17-03-2024 17:37:52:811:93               sent SIGUSR1 to 23923                                 -
  17-03-2024 17:37:52:912:204        received response from 23923                                 -
  17-03-2024 17:37:52:912:293                         current pid                              23928
  17-03-2024 17:37:52:912:375               sent SIGUSR1 to 23928                                 -
   17-03-2024 17:37:53:13:408        received response from 23928                                 -
   17-03-2024 17:37:53:13:493                         current pid                              23922
   17-03-2024 17:37:53:13:575               sent SIGUSR1 to 23922                                 -
  17-03-2024 17:37:53:114:476        received response from 23922                                 -
  17-03-2024 17:37:53:114:558                         current pid                              23923
  17-03-2024 17:37:53:114:653               sent SIGUSR1 to 23923                                 -
  17-03-2024 17:37:53:215:365        received response from 23923                                 -
  17-03-2024 17:37:53:215:453                         current pid                              23928
  17-03-2024 17:37:53:215:533               sent SIGUSR1 to 23928                                 -
  17-03-2024 17:37:53:316:420        received response from 23928                                 -
  17-03-2024 17:37:53:316:505                         current pid                              23922
  17-03-2024 17:37:53:316:586               sent SIGUSR1 to 23922                                 -
  17-03-2024 17:37:53:416:845        received response from 23922                                 -
  17-03-2024 17:37:53:416:932                         current pid                              23923
   17-03-2024 17:37:53:417:14               sent SIGUSR1 to 23923                                 -
  17-03-2024 17:37:53:517:688        received response from 23923                                 -
  17-03-2024 17:37:53:517:738                         current pid                              23928
  17-03-2024 17:37:53:517:833               sent SIGUSR1 to 23928                                 -
  17-03-2024 17:37:53:618:801        received response from 23928                                 -
  17-03-2024 17:37:53:618:846                         current pid                              23922
  17-03-2024 17:37:53:618:930               sent SIGUSR1 to 23922                                 -
  17-03-2024 17:37:53:719:734        received response from 23922                                 -
  17-03-2024 17:37:53:719:821                         current pid                              23923
  17-03-2024 17:37:53:719:902               sent SIGUSR1 to 23923                                 -
  17-03-2024 17:37:53:820:804        received response from 23923                                 -
  17-03-2024 17:37:53:820:895                         current pid                              23928
  17-03-2024 17:37:53:820:976               sent SIGUSR1 to 23928                                 -
  17-03-2024 17:37:53:921:662        received response from 23928                                 -
  17-03-2024 17:37:53:921:750                         current pid                              23922
  17-03-2024 17:37:53:921:830               sent SIGUSR1 to 23922                                 -
    17-03-2024 17:37:54:23:66        received response from 23922                                 -
   17-03-2024 17:37:54:23:152                         current pid                              23923
   17-03-2024 17:37:54:23:234               sent SIGUSR1 to 23923                                 -
  17-03-2024 17:37:54:123:829        received response from 23923                                 -
  17-03-2024 17:37:54:123:918                         current pid                              23928
  17-03-2024 17:37:54:123:999               sent SIGUSR1 to 23928                                 -
   17-03-2024 17:37:54:225:34        received response from 23928                                 -
  17-03-2024 17:37:54:225:119                         current pid                              23922
  17-03-2024 17:37:54:225:201               sent SIGUSR1 to 23922                                 -
  17-03-2024 17:37:54:325:772        received response from 23922                                 -
  17-03-2024 17:37:54:325:862                         current pid                              23923
  17-03-2024 17:37:54:325:912               sent SIGUSR1 to 23923                                 -
  17-03-2024 17:37:54:426:823        received response from 23923                                 -
  17-03-2024 17:37:54:426:913                         current pid                              23928
  17-03-2024 17:37:54:426:994               sent SIGUSR1 to 23928                                 -
  17-03-2024 17:37:54:527:860        received response from 23928                                 -
  17-03-2024 17:37:54:527:965                         current pid                              23922
   17-03-2024 17:37:54:528:45               sent SIGUSR1 to 23922                                 -
  17-03-2024 17:37:54:628:709        received response from 23922                                 -
  17-03-2024 17:37:54:628:795                         current pid                              23923
  17-03-2024 17:37:54:628:844               sent SIGUSR1 to 23923                                 -
  17-03-2024 17:37:54:646:562                    Received SIGUSR1                                 -
  17-03-2024 17:37:54:646:605        received response from 23923                                 -
  17-03-2024 17:37:54:646:873                         current pid                              23928
   17-03-2024 17:37:54:647:46               sent SIGUSR1 to 23928                                 -
